<?xml version="1.0"?>
<!--Phoronix Test Suite v10.8.5-->
<PhoronixTestSuite>
  <TestInformation>
    <Title>vkpeak</Title>
    <AppVersion>20240505</AppVersion>
    <Description>Vkpeak is a Vulkan compute benchmark inspired by OpenCL's clpeak. Vkpeak provides Vulkan compute performance measurements for FP16 / FP32 / FP64 / INT16 / INT32 scalar and vec4 performance.</Description>
    <ResultScale>GFLOPS</ResultScale>
    <Proportion>HIB</Proportion>
    <TimesToRun>3</TimesToRun>
  </TestInformation>
  <TestProfile>
    <Version>1.2.0</Version>
    <SupportedPlatforms>Linux, Windows, MacOSX</SupportedPlatforms>
    <SoftwareType>Application</SoftwareType>
    <TestType>Graphics</TestType>
    <License>Free</License>
    <Status>Verified</Status>
    <SupportedArchitectures>x86_64</SupportedArchitectures>
    <ExternalDependencies>vulkan-development</ExternalDependencies>
    <RequiresDisplay>FALSE</RequiresDisplay>
    <EnvironmentSize>3</EnvironmentSize>
    <ProjectURL>https://github.com/nihui/vkpeak/</ProjectURL>
    <RepositoryURL>https://github.com/nihui/vkpeak</RepositoryURL>
    <Maintainer>Michael Larabel</Maintainer>
  </TestProfile>
</PhoronixTestSuite>
